<?xml version="1.0" encoding="UTF-8"?>
<testsuite xmlns:xsi="http://www.w3.org/2001/XMLSchema-instance" xsi:noNamespaceSchemaLocation="https://maven.apache.org/surefire/maven-surefire-plugin/xsd/surefire-test-report-3.0.xsd" version="3.0" name="fanya.services.TimeTableServiceTest_unit" time="0.855" tests="84" errors="0" skipped="0" failures="0">
  <properties>
[...]
</properties>
  <testcase name="getDateToWeekdayMap_coversAllWeekdayBranches" classname="fanya.services.TimeTableServiceTest_unit" time="0.073">
    <system-err><![CDATA[SLF4J: Class path contains multiple SLF4J bindings.
SLF4J: Found binding in [jar:file:/C:/Users/admin/.m2/repository/ch/qos/logback/logback-classic/1.2.12/logback-classic-1.2.12.jar!/org/slf4j/impl/StaticLoggerBinder.class]
SLF4J: Found binding in [jar:file:/C:/Users/admin/.m2/repository/org/slf4j/slf4j-log4j12/1.7.2/slf4j-log4j12-1.7.2.jar!/org/slf4j/impl/StaticLoggerBinder.class]
SLF4J: See http://www.slf4j.org/codes.html#multiple_bindings for an explanation.
SLF4J: Actual binding is of type [ch.qos.logback.classic.util.ContextSelectorStaticBinder]
]]></system-err>
  </testcase>
  <testcase name="resolveTimeslotIdFromSource_badDate_returnsNull" classname="fanya.services.TimeTableServiceTest_unit" time="0.012">
    <system-out><![CDATA[17:29:22.629 [main] WARN fanya.services.TimeTableService - 固定课 timeslot 日期解析失败: date=not-a-date, id=1
]]></system-out>
  </testcase>
  <testcase name="validateInput_nullValue_throws" classname="fanya.services.TimeTableServiceTest_unit" time="0.003"/>
  <testcase name="createTimeslots_dateBeforeStart_skipped" classname="fanya.services.TimeTableServiceTest_unit" time="0.002"/>
  <testcase name="parseCourse_nullValue_throwsFromValidate" classname="fanya.services.TimeTableServiceTest_unit" time="0.001"/>
  <testcase name="remapClonedTimeslot_unassigned_returnsNoTimeslot" classname="fanya.services.TimeTableServiceTest_unit" time="0.001"/>
  <testcase name="buildExistingLesson_success_buildsPinnedLessonWithFallbacks" classname="fanya.services.TimeTableServiceTest_unit" time="0.009"/>
  <testcase name="buildExistingLesson_missingCourseId_returnsNull" classname="fanya.services.TimeTableServiceTest_unit" time="0.114">
    <system-out><![CDATA[17:29:22.654 [main] WARN fanya.services.TimeTableService - [buildExistingLesson] 跳过：courseId 缺失, lessonId=null, source={"timeslotId":202509011}
]]></system-out>
  </testcase>
  <testcase name="createTimeslots_filtersByRangeAndMissingSection" classname="fanya.services.TimeTableServiceTest_unit" time="0.004"/>
  <testcase name="appendExistingLessons_appendsAndBackfillsTimeslot" classname="fanya.services.TimeTableServiceTest_unit" time="0.002">
    <system-out><![CDATA[17:29:22.773 [main] WARN fanya.services.TimeTableService - [buildExistingLesson] 跳过：courseId 缺失, lessonId=null, source={"timeslotId":202509011}
17:29:22.773 [main] INFO fanya.services.TimeTableService - 已追加已固定排课 lessons: 输入=2, 实际追加=1
]]></system-out>
  </testcase>
  <testcase name="shouldRandomizeTeacher_sameCourseSameClazz_false" classname="fanya.services.TimeTableServiceTest_unit" time="0.003"/>
  <testcase name="resolveExistingTeacher_missMap_buildsFromSource" classname="fanya.services.TimeTableServiceTest_unit" time="0"/>
  <testcase name="setConflictClasses_hit_setsConflictIds" classname="fanya.services.TimeTableServiceTest_unit" time="0.001"/>
  <testcase name="validateInput_blankOperator_throws" classname="fanya.services.TimeTableServiceTest_unit" time="0.001"/>
  <testcase name="cloneConstrains_null_returnsNull" classname="fanya.services.TimeTableServiceTest_unit" time="0"/>
  <testcase name="createIdMap_skipsNullId_keepsOthers" classname="fanya.services.TimeTableServiceTest_unit" time="0.001"/>
  <testcase name="initData_firstWeek_setsWeekDuration" classname="fanya.services.TimeTableServiceTest_unit" time="0.002"/>
  <testcase name="resolveTimeslotIdFromSource_valid_generatesId" classname="fanya.services.TimeTableServiceTest_unit" time="0"/>
  <testcase name="initData_setsContextAndInitializesLessons" classname="fanya.services.TimeTableServiceTest_unit" time="0"/>
  <testcase name="validateInput_blankFieldName_throws" classname="fanya.services.TimeTableServiceTest_unit" time="0.001"/>
  <testcase name="parseNoConstraints_skipsAlreadyHandledCourse" classname="fanya.services.TimeTableServiceTest_unit" time="0.001"/>
  <testcase name="parseClassRoom_unknownField_returnsEarly" classname="fanya.services.TimeTableServiceTest_unit" time="0.001"/>
  <testcase name="setCourseAllowedTimeslots_emptyMap_noop" classname="fanya.services.TimeTableServiceTest_unit" time="0"/>
  <testcase name="alignWeekLessonsForReschedule_whenSameCourseClazzHasMultipleLessons_thenKeepsSequentialState" classname="fanya.services.TimeTableServiceTest_unit" time="0.001"/>
  <testcase name="resolveExistingRoom_hitMap_returnsMapped" classname="fanya.services.TimeTableServiceTest_unit" time="0.001"/>
  <testcase name="parseConstraintsCourse_nullOrEmpty_returnsEarly" classname="fanya.services.TimeTableServiceTest_unit" time="0"/>
  <testcase name="initializeRoom_sameCourseClazz_reusesPreviousRoom" classname="fanya.services.TimeTableServiceTest_unit" time="0"/>
  <testcase name="resolveExistingTeacher_noId_returnsNoTeacher" classname="fanya.services.TimeTableServiceTest_unit" time="0.001"/>
  <testcase name="resolveTimeslotIdFromSource_noTimeslotObj_returnsNull" classname="fanya.services.TimeTableServiceTest_unit" time="0"/>
  <testcase name="initializeTeacher_emptyRange_setsNoTeacher" classname="fanya.services.TimeTableServiceTest_unit" time="0.001"/>
  <testcase name="reflectionInject_privateResourceField_succeeds" classname="fanya.services.TimeTableServiceTest_unit" time="0.476"/>
  <testcase name="parseTeacher_unknownField_throwsNoStrategy" classname="fanya.services.TimeTableServiceTest_unit" time="0.002"/>
  <testcase name="resolveExistingRoom_noId_returnsNoRoom" classname="fanya.services.TimeTableServiceTest_unit" time="0"/>
  <testcase name="buildSlimResult_populatesAllFields" classname="fanya.services.TimeTableServiceTest_unit" time="0"/>
  <testcase name="resolveTimeslotIdFromSource_missingDateOrId_returnsNull" classname="fanya.services.TimeTableServiceTest_unit" time="0"/>
  <testcase name="cloneConstrains_deepCopy_independentInstance" classname="fanya.services.TimeTableServiceTest_unit" time="0.047"/>
  <testcase name="initializeTeacher_sameCourseClazz_reusesPreviousTeacher" classname="fanya.services.TimeTableServiceTest_unit" time="0"/>
  <testcase name="initializeRoom_notRequired_setsNoRoom" classname="fanya.services.TimeTableServiceTest_unit" time="0"/>
  <testcase name="appendExistingLessons_fallbackTimeslot_backfilledIntoList" classname="fanya.services.TimeTableServiceTest_unit" time="0.014">
    <system-out><![CDATA[17:29:23.339 [main] INFO fanya.services.TimeTableService - 已追加已固定排课 lessons: 输入=1, 实际追加=1
]]></system-out>
  </testcase>
  <testcase name="buildExistingLesson_missingClazzId_returnsNull" classname="fanya.services.TimeTableServiceTest_unit" time="0.001">
    <system-out><![CDATA[17:29:23.340 [main] WARN fanya.services.TimeTableService - [buildExistingLesson] 跳过：clazzId 缺失或非法, lessonId=null, source={"timeslotId":202509011,"courseId":"CA","clazzId":0}
]]></system-out>
  </testcase>
  <testcase name="buildExistingLesson_nullSource_returnsNull" classname="fanya.services.TimeTableServiceTest_unit" time="0.001"/>
  <testcase name="parseNoConstraints_skipsZeroDurationCourse" classname="fanya.services.TimeTableServiceTest_unit" time="0"/>
  <testcase name="initializeRoom_emptyRange_setsNoRoom" classname="fanya.services.TimeTableServiceTest_unit" time="0"/>
  <testcase name="convertIdsToObjects_keepsHits_dropsMisses" classname="fanya.services.TimeTableServiceTest_unit" time="0.001"/>
  <testcase name="createIdMap_emptyAndNullList_returnsEmptyMap" classname="fanya.services.TimeTableServiceTest_unit" time="0.001"/>
  <testcase name="initializeTeacher_notRequired_setsNoTeacher" classname="fanya.services.TimeTableServiceTest_unit" time="0"/>
  <testcase name="resolveExistingTeacher_hitMap_returnsMapped" classname="fanya.services.TimeTableServiceTest_unit" time="0.001"/>
  <testcase name="buildExistingLesson_clazzMissAndNoName_returnsNull" classname="fanya.services.TimeTableServiceTest_unit" time="0.001">
    <system-out><![CDATA[17:29:23.345 [main] WARN fanya.services.TimeTableService - [buildExistingLesson] 跳过：clazz 不在班级列表内且无 clazzName 兜底, clazzId=7, source={"timeslotId":202509011,"courseId":"CA","clazzId":7}
]]></system-out>
  </testcase>
  <testcase name="setCourseAllowedTeachers_partialMissing_stillSetsOverride" classname="fanya.services.TimeTableServiceTest_unit" time="0.001">
    <system-out><![CDATA[17:29:23.347 [main] WARN fanya.services.TimeTableService - 课程 CA 指定教师部分不在 entities.teachers 中: 指定=[1, 2], 有效=1
]]></system-out>
  </testcase>
  <testcase name="setCourseAllowedRooms_emptyAllRoomMap_noop" classname="fanya.services.TimeTableServiceTest_unit" time="0.001"/>
  <testcase name="setCourseAllowedTeachers_fallbackToClazzZeroKey" classname="fanya.services.TimeTableServiceTest_unit" time="0"/>
  <testcase name="getCourseClassAllocation_skipsNullClazzId" classname="fanya.services.TimeTableServiceTest_unit" time="0.002"/>
  <testcase name="parseParameters_emptyTimeslots_returnsNull" classname="fanya.services.TimeTableServiceTest_unit" time="0.01">
    <system-out><![CDATA[17:29:23.351 [main] INFO fanya.services.TimeTableService - 解析排课入参: courses=1, classes=1, classrooms=1, timeslots=0
]]></system-out>
  </testcase>
  <testcase name="resolveExistingRoom_missMap_buildsFromSource" classname="fanya.services.TimeTableServiceTest_unit" time="0"/>
  <testcase name="parseParameters_weeklyAndEmptyTeacherRoom_setsConstraints" classname="fanya.services.TimeTableServiceTest_unit" time="0.001">
    <system-out><![CDATA[17:29:23.363 [main] INFO fanya.services.TimeTableService - 解析排课入参: courses=1, classes=1, classrooms=0, timeslots=2
]]></system-out>
  </testcase>
  <testcase name="setConflictClasses_miss_leavesNull" classname="fanya.services.TimeTableServiceTest_unit" time="0"/>
  <testcase name="deductPinnedLessons_skipsLessonWithNullCourse" classname="fanya.services.TimeTableServiceTest_unit" time="0"/>
  <testcase name="deductPinnedLessons_removesEqualQuotaOfUnpinned" classname="fanya.services.TimeTableServiceTest_unit" time="0">
    <system-out><![CDATA[17:29:23.365 [main] INFO fanya.services.TimeTableService - 课程 CA pinned 已占 1 个 lesson，移除 1 个新生成 lesson
]]></system-out>
  </testcase>
  <testcase name="shouldRandomizeTeacher_differentCourse_true" classname="fanya.services.TimeTableServiceTest_unit" time="0.001"/>
  <testcase name="setCourseAllowedTimeslots_nonRequireKS_setsAllMatched" classname="fanya.services.TimeTableServiceTest_unit" time="0"/>
  <testcase name="buildSlimResult_handlesNullFields" classname="fanya.services.TimeTableServiceTest_unit" time="0"/>
  <testcase name="parseParameters_dailyWithEntities_setsWeekDurationOnCourses" classname="fanya.services.TimeTableServiceTest_unit" time="0.001">
    <system-out><![CDATA[17:29:23.368 [main] INFO fanya.services.TimeTableService - 解析排课入参: courses=1, classes=1, classrooms=1, timeslots=2
]]></system-out>
  </testcase>
  <testcase name="setCourseAllowedRooms_noCourseAllowedMap_setsAllRooms" classname="fanya.services.TimeTableServiceTest_unit" time="0.001"/>
  <testcase name="validateInput_valid_passes" classname="fanya.services.TimeTableServiceTest_unit" time="0"/>
  <testcase name="setCourseAllowedRooms_hit_setsSpecifiedRooms" classname="fanya.services.TimeTableServiceTest_unit" time="0.001"/>
  <testcase name="shouldRandomizeTeacher_sameCourseDifferentClazz_true" classname="fanya.services.TimeTableServiceTest_unit" time="0"/>
  <testcase name="remapClonedTimeslot_miss_returnsOriginal" classname="fanya.services.TimeTableServiceTest_unit" time="0"/>
  <testcase name="parseNoConstraints_generatesLessonsForEachClazz" classname="fanya.services.TimeTableServiceTest_unit" time="0.005"/>
  <testcase name="appendExistingLessons_nullOrEmpty_noop" classname="fanya.services.TimeTableServiceTest_unit" time="0.001"/>
  <testcase name="normalizeWeeklyDisplayWeekNums_whenCurrentWeekWasSolvedSeparately_thenRestoresSemesterWeekNum" classname="fanya.services.TimeTableServiceTest_unit" time="0"/>
  <testcase name="setCourseAllowedRooms_missCourse_fallsBackToAllRooms" classname="fanya.services.TimeTableServiceTest_unit" time="0"/>
  <testcase name="buildExistingLesson_timeslotFallbackFromSource" classname="fanya.services.TimeTableServiceTest_unit" time="0"/>
  <testcase name="parseCourse_unknownField_returnsEarly" classname="fanya.services.TimeTableServiceTest_unit" time="0.001"/>
  <testcase name="deductPinnedLessons_noPinned_noChange" classname="fanya.services.TimeTableServiceTest_unit" time="0"/>
  <testcase name="parseClazz_unknownField_returnsEarly" classname="fanya.services.TimeTableServiceTest_unit" time="0.001"/>
  <testcase name="setCourseAllowedTeachers_emptyMap_noop" classname="fanya.services.TimeTableServiceTest_unit" time="0"/>
  <testcase name="remapClonedTimeslot_hit_returnsMapped" classname="fanya.services.TimeTableServiceTest_unit" time="0"/>
  <testcase name="getDateToWeekdayMap_singleDay_isInclusiveOfEnd" classname="fanya.services.TimeTableServiceTest_unit" time="0.001"/>
  <testcase name="buildExistingLesson_unresolvableTimeslot_returnsNull" classname="fanya.services.TimeTableServiceTest_unit" time="0">
    <system-out><![CDATA[17:29:23.383 [main] WARN fanya.services.TimeTableService - [buildExistingLesson] 跳过：无法解析 timeslotId, source={"timeslotId":0}
]]></system-out>
  </testcase>
  <testcase name="initializeTeacher_firstLesson_assignsFromRange" classname="fanya.services.TimeTableServiceTest_unit" time="0"/>
  <testcase name="setConflictClasses_nullOrEmptyMap_noop" classname="fanya.services.TimeTableServiceTest_unit" time="0"/>
  <testcase name="setCourseAllowedTimeslots_requireKS_appliesCHFilter" classname="fanya.services.TimeTableServiceTest_unit" time="0.002"/>
  <testcase name="initializeRoom_firstLesson_assignsFromRange" classname="fanya.services.TimeTableServiceTest_unit" time="0"/>
  <testcase name="remapClonedTimeslot_null_returnsNull" classname="fanya.services.TimeTableServiceTest_unit" time="0"/>
</testsuite>